
=== Incoming Request ===
GET /
{
  "headers": {
    "host": "localhost:3000",
    "connection": "keep-alive",
    "sec-ch-ua": "\" Not;A Brand\";v=\"99\", \"Chromium\";v=\"139\", \"OperaMobile\";v=\"91\", \"Opera\";v=\"123\"",
    "sec-ch-ua-mobile": "?0",
    "sec-ch-ua-platform": "\"Android\"",
    "upgrade-insecure-requests": "1",
    "user-agent": "Mozilla/5.0 (X11; Linux x86_64) AppleWebKit/537.36 (KHTML, like Gecko) Chrome/139.0.0.0 Safari/537.36 OPR/123.0.0.0",
    "accept": "text/html,application/xhtml+xml,application/xml;q=0.9,image/avif,image/webp,image/apng,*/*;q=0.8,application/signed-exchange;v=b3;q=0.7",
    "sec-fetch-site": "none",
    "sec-fetch-mode": "navigate",
    "sec-fetch-user": "?1",
    "sec-fetch-dest": "document",
    "accept-encoding": "gzip, deflate, br",
    "accept-language": "de-DE,de;q=0.9,en-us;q=0.8,en;q=0.7",
    "if-none-match": "W/\"a7d-198c8852610\"",
    "if-modified-since": "Wed, 20 Aug 2025 17:27:06 GMT"
  }
}
--- Outgoing Response ---
{
  "status": 200,
  "headers": {
    "x-powered-by": "Express",
    "accept-ranges": "bytes",
    "cache-control": "public, max-age=0",
    "last-modified": "Mon, 25 Aug 2025 11:04:41 GMT",
    "etag": "W/\"aa8-198e0e6d8d6\"",
    "content-type": "text/html; charset=UTF-8",
    "content-length": 2728
  }
}
Body: <!DOCTYPE html>
<html lang="de">
<head>
  <meta charset="UTF-8" />
  <meta name="viewport" content="width=device-width, initial-scale=1.0" />
  <title>NoteManager Login</title>
  <link rel="stylesheet" href="data/css" />
</head>
<body class="bg-gray-100 dark:bg-gray-900 text-gray-900 dark:text-gray-100 flex items-center justify-center min-h-screen">
  <div class="w-full max-w-sm p-8 rounded-2xl shadow-lg bg-white dark:bg-gray-800">
    <h1 class="text-2xl font-bold text-center mb-6">🔐 NoteManag ...[truncated]
========================


=== Incoming Request ===
GET /data/css
{
  "headers": {
    "host": "localhost:3000",
    "connection": "keep-alive",
    "sec-ch-ua-platform": "\"Android\"",
    "user-agent": "Mozilla/5.0 (X11; Linux x86_64) AppleWebKit/537.36 (KHTML, like Gecko) Chrome/139.0.0.0 Safari/537.36 OPR/123.0.0.0",
    "sec-ch-ua": "\" Not;A Brand\";v=\"99\", \"Chromium\";v=\"139\", \"OperaMobile\";v=\"91\", \"Opera\";v=\"123\"",
    "sec-ch-ua-mobile": "?0",
    "accept": "text/css,*/*;q=0.1",
    "sec-fetch-site": "same-origin",
    "sec-fetch-mode": "no-cors",
    "sec-fetch-dest": "style",
    "referer": "http://localhost:3000/",
    "accept-encoding": "gzip, deflate, br",
    "accept-language": "de-DE,de;q=0.9,en-us;q=0.8,en;q=0.7",
    "if-none-match": "W/\"235f-198e0e56a8e\"",
    "if-modified-since": "Mon, 25 Aug 2025 11:03:08 GMT"
  }
}
--- Outgoing Response ---
{
  "status": 200,
  "headers": {
    "x-powered-by": "Express",
    "accept-ranges": "bytes",
    "cache-control": "public, max-age=0",
    "last-modified": "Mon, 25 Aug 2025 11:06:52 GMT",
    "etag": "W/\"235f-198e0e8d7b6\"",
    "content-type": "text/css; charset=UTF-8",
    "content-length": 9055
  }
}
Body: /* layer: preflights */
*,::before,::after{--un-rotate:0;--un-rotate-x:0;--un-rotate-y:0;--un-rotate-z:0;--un-scale-x:1;--un-scale-y:1;--un-scale-z:1;--un-skew-x:0;--un-skew-y:0;--un-translate-x:0;--un-translate-y:0;--un-translate-z:0;--un-pan-x: ;--un-pan-y: ;--un-pinch-zoom: ;--un-scroll-snap-strictness:proximity;--un-ordinal: ;--un-slashed-zero: ;--un-numeric-figure: ;--un-numeric-spacing: ;--un-numeric-fraction: ;--un-border-spacing-x:0;--un-border-spacing-y:0;--un-ring-offset-shadow:0 0 rgb ...[truncated]
========================


=== Incoming Request ===
GET /user/verify?username=demo&passwd=1234
{
  "headers": {
    "host": "localhost:3000",
    "connection": "keep-alive",
    "sec-ch-ua-platform": "\"Android\"",
    "user-agent": "Mozilla/5.0 (X11; Linux x86_64) AppleWebKit/537.36 (KHTML, like Gecko) Chrome/139.0.0.0 Safari/537.36 OPR/123.0.0.0",
    "sec-ch-ua": "\" Not;A Brand\";v=\"99\", \"Chromium\";v=\"139\", \"OperaMobile\";v=\"91\", \"Opera\";v=\"123\"",
    "sec-ch-ua-mobile": "?0",
    "accept": "*/*",
    "sec-fetch-site": "same-origin",
    "sec-fetch-mode": "cors",
    "sec-fetch-dest": "empty",
    "referer": "http://localhost:3000/",
    "accept-encoding": "gzip, deflate, br",
    "accept-language": "de-DE,de;q=0.9,en-us;q=0.8,en;q=0.7",
    "if-none-match": "W/\"3f-YOmk4dfB3l8Thyj1Hl0J4NA96aw\""
  }
}
--- Outgoing Response ---
{
  "status": 304,
  "headers": {
    "x-powered-by": "Express",
    "etag": "W/\"3f-YOmk4dfB3l8Thyj1Hl0J4NA96aw\""
  }
}
Body: 
========================


=== Incoming Request ===
GET /user/verify?username=demo&passwd=1234
{
  "headers": {
    "host": "localhost:3000",
    "connection": "keep-alive",
    "sec-ch-ua-platform": "\"Android\"",
    "user-agent": "Mozilla/5.0 (X11; Linux x86_64) AppleWebKit/537.36 (KHTML, like Gecko) Chrome/139.0.0.0 Safari/537.36 OPR/123.0.0.0",
    "sec-ch-ua": "\" Not;A Brand\";v=\"99\", \"Chromium\";v=\"139\", \"OperaMobile\";v=\"91\", \"Opera\";v=\"123\"",
    "sec-ch-ua-mobile": "?0",
    "accept": "*/*",
    "sec-fetch-site": "same-origin",
    "sec-fetch-mode": "cors",
    "sec-fetch-dest": "empty",
    "referer": "http://localhost:3000/",
    "accept-encoding": "gzip, deflate, br",
    "accept-language": "de-DE,de;q=0.9,en-us;q=0.8,en;q=0.7",
    "if-none-match": "W/\"3f-YOmk4dfB3l8Thyj1Hl0J4NA96aw\""
  }
}
--- Outgoing Response ---
{
  "status": 304,
  "headers": {
    "x-powered-by": "Express",
    "etag": "W/\"3f-YOmk4dfB3l8Thyj1Hl0J4NA96aw\""
  }
}
Body: 
========================


=== Incoming Request ===
GET /user/verify?username=demo&passwd=1234
{
  "headers": {
    "host": "localhost:3000",
    "connection": "keep-alive",
    "sec-ch-ua-platform": "\"Android\"",
    "user-agent": "Mozilla/5.0 (X11; Linux x86_64) AppleWebKit/537.36 (KHTML, like Gecko) Chrome/139.0.0.0 Safari/537.36 OPR/123.0.0.0",
    "sec-ch-ua": "\" Not;A Brand\";v=\"99\", \"Chromium\";v=\"139\", \"OperaMobile\";v=\"91\", \"Opera\";v=\"123\"",
    "sec-ch-ua-mobile": "?0",
    "accept": "*/*",
    "sec-fetch-site": "same-origin",
    "sec-fetch-mode": "cors",
    "sec-fetch-dest": "empty",
    "referer": "http://localhost:3000/",
    "accept-encoding": "gzip, deflate, br",
    "accept-language": "de-DE,de;q=0.9,en-us;q=0.8,en;q=0.7",
    "if-none-match": "W/\"3f-YOmk4dfB3l8Thyj1Hl0J4NA96aw\""
  }
}
--- Outgoing Response ---
{
  "status": 304,
  "headers": {
    "x-powered-by": "Express",
    "etag": "W/\"3f-YOmk4dfB3l8Thyj1Hl0J4NA96aw\""
  }
}
Body: 
========================


=== Incoming Request ===
GET /user/verify?username=demo&passwd=1234
{
  "headers": {
    "host": "localhost:3000",
    "connection": "keep-alive",
    "sec-ch-ua-platform": "\"Android\"",
    "user-agent": "Mozilla/5.0 (X11; Linux x86_64) AppleWebKit/537.36 (KHTML, like Gecko) Chrome/139.0.0.0 Safari/537.36 OPR/123.0.0.0",
    "sec-ch-ua": "\" Not;A Brand\";v=\"99\", \"Chromium\";v=\"139\", \"OperaMobile\";v=\"91\", \"Opera\";v=\"123\"",
    "sec-ch-ua-mobile": "?0",
    "accept": "*/*",
    "sec-fetch-site": "same-origin",
    "sec-fetch-mode": "cors",
    "sec-fetch-dest": "empty",
    "referer": "http://localhost:3000/",
    "accept-encoding": "gzip, deflate, br",
    "accept-language": "de-DE,de;q=0.9,en-us;q=0.8,en;q=0.7",
    "if-none-match": "W/\"3f-YOmk4dfB3l8Thyj1Hl0J4NA96aw\""
  }
}
--- Outgoing Response ---
{
  "status": 304,
  "headers": {
    "x-powered-by": "Express",
    "etag": "W/\"3f-YOmk4dfB3l8Thyj1Hl0J4NA96aw\""
  }
}
Body: 
========================


=== Incoming Request ===
GET /user/verify?username=demo&passwd=1234
{
  "headers": {
    "host": "localhost:3000",
    "connection": "keep-alive",
    "sec-ch-ua-platform": "\"Android\"",
    "user-agent": "Mozilla/5.0 (X11; Linux x86_64) AppleWebKit/537.36 (KHTML, like Gecko) Chrome/139.0.0.0 Safari/537.36 OPR/123.0.0.0",
    "sec-ch-ua": "\" Not;A Brand\";v=\"99\", \"Chromium\";v=\"139\", \"OperaMobile\";v=\"91\", \"Opera\";v=\"123\"",
    "sec-ch-ua-mobile": "?0",
    "accept": "*/*",
    "sec-fetch-site": "same-origin",
    "sec-fetch-mode": "cors",
    "sec-fetch-dest": "empty",
    "referer": "http://localhost:3000/",
    "accept-encoding": "gzip, deflate, br",
    "accept-language": "de-DE,de;q=0.9,en-us;q=0.8,en;q=0.7",
    "if-none-match": "W/\"3f-YOmk4dfB3l8Thyj1Hl0J4NA96aw\""
  }
}
--- Outgoing Response ---
{
  "status": 304,
  "headers": {
    "x-powered-by": "Express",
    "etag": "W/\"3f-YOmk4dfB3l8Thyj1Hl0J4NA96aw\""
  }
}
Body: 
========================


=== Incoming Request ===
GET /home
{
  "headers": {
    "host": "localhost:3000",
    "connection": "keep-alive",
    "sec-ch-ua": "\" Not;A Brand\";v=\"99\", \"Chromium\";v=\"139\", \"OperaMobile\";v=\"91\", \"Opera\";v=\"123\"",
    "sec-ch-ua-mobile": "?0",
    "sec-ch-ua-platform": "\"Android\"",
    "upgrade-insecure-requests": "1",
    "user-agent": "Mozilla/5.0 (X11; Linux x86_64) AppleWebKit/537.36 (KHTML, like Gecko) Chrome/139.0.0.0 Safari/537.36 OPR/123.0.0.0",
    "accept": "text/html,application/xhtml+xml,application/xml;q=0.9,image/avif,image/webp,image/apng,*/*;q=0.8,application/signed-exchange;v=b3;q=0.7",
    "sec-fetch-site": "none",
    "sec-fetch-mode": "navigate",
    "sec-fetch-user": "?1",
    "sec-fetch-dest": "document",
    "accept-encoding": "gzip, deflate, br",
    "accept-language": "de-DE,de;q=0.9,en-us;q=0.8,en;q=0.7",
    "if-none-match": "W/\"9d9-198d7a058ad\"",
    "if-modified-since": "Sat, 23 Aug 2025 15:51:06 GMT"
  }
}
--- Outgoing Response ---
{
  "status": 200,
  "headers": {
    "x-powered-by": "Express",
    "accept-ranges": "bytes",
    "cache-control": "public, max-age=0",
    "last-modified": "Mon, 25 Aug 2025 10:46:16 GMT",
    "etag": "W/\"9d9-198e0d5fbde\"",
    "content-type": "text/html; charset=UTF-8",
    "content-length": 2521
  }
}
Body: <!DOCTYPE html>
<html lang="de" class="light">
<head>
  <meta charset="UTF-8">
  <meta name="viewport" content="width=device-width, initial-scale=1.0">
  <title>UnoCSS Layout</title>
  <!-- UnoCSS Output -->
  <link rel="stylesheet" href="data/css">
</head>
<body class="bg-white text-gray-900 dark:bg-gray-900 dark:text-gray-100 min-h-screen flex flex-col">

  <!-- Topbar -->
  <header class="w-full h-16 bg-gray-200 dark:bg-gray-800 flex items-center px-4 shadow-md">
    <button id="toggleSidebar ...[truncated]
========================


=== Incoming Request ===
GET /data/css
{
  "headers": {
    "host": "localhost:3000",
    "connection": "keep-alive",
    "sec-ch-ua-platform": "\"Android\"",
    "if-none-match": "W/\"235f-198e0e8d7b6\"",
    "user-agent": "Mozilla/5.0 (X11; Linux x86_64) AppleWebKit/537.36 (KHTML, like Gecko) Chrome/139.0.0.0 Safari/537.36 OPR/123.0.0.0",
    "sec-ch-ua": "\" Not;A Brand\";v=\"99\", \"Chromium\";v=\"139\", \"OperaMobile\";v=\"91\", \"Opera\";v=\"123\"",
    "if-modified-since": "Mon, 25 Aug 2025 11:06:52 GMT",
    "sec-ch-ua-mobile": "?0",
    "accept": "text/css,*/*;q=0.1",
    "sec-fetch-site": "same-origin",
    "sec-fetch-mode": "no-cors",
    "sec-fetch-dest": "style",
    "referer": "http://localhost:3000/home",
    "accept-encoding": "gzip, deflate, br",
    "accept-language": "de-DE,de;q=0.9,en-us;q=0.8,en;q=0.7"
  }
}
--- Outgoing Response ---
{
  "status": 304,
  "headers": {
    "x-powered-by": "Express",
    "accept-ranges": "bytes",
    "cache-control": "public, max-age=0",
    "last-modified": "Mon, 25 Aug 2025 11:06:52 GMT",
    "etag": "W/\"235f-198e0e8d7b6\""
  }
}
Body: 
========================


=== Incoming Request ===
GET /script.js
{
  "headers": {
    "host": "localhost:3000",
    "connection": "keep-alive",
    "sec-ch-ua-platform": "\"Android\"",
    "user-agent": "Mozilla/5.0 (X11; Linux x86_64) AppleWebKit/537.36 (KHTML, like Gecko) Chrome/139.0.0.0 Safari/537.36 OPR/123.0.0.0",
    "sec-ch-ua": "\" Not;A Brand\";v=\"99\", \"Chromium\";v=\"139\", \"OperaMobile\";v=\"91\", \"Opera\";v=\"123\"",
    "sec-ch-ua-mobile": "?0",
    "accept": "*/*",
    "sec-fetch-site": "same-origin",
    "sec-fetch-mode": "no-cors",
    "sec-fetch-dest": "script",
    "referer": "http://localhost:3000/home",
    "accept-encoding": "gzip, deflate, br",
    "accept-language": "de-DE,de;q=0.9,en-us;q=0.8,en;q=0.7",
    "if-none-match": "W/\"d94-198e0abfcae\"",
    "if-modified-since": "Mon, 25 Aug 2025 10:00:24 GMT"
  }
}
--- Outgoing Response ---
{
  "status": 304,
  "headers": {
    "x-powered-by": "Express",
    "accept-ranges": "bytes",
    "cache-control": "public, max-age=0",
    "last-modified": "Mon, 25 Aug 2025 10:00:24 GMT",
    "etag": "W/\"d94-198e0abfcae\""
  }
}
Body: 
========================

